Determining if the pthread_create exist failed with the following output:
Change Dir: /home/doctorant/Code/Lanny/build/CMakeFiles/CMakeTmp

Run Build Command:"/usr/bin/make" "cmTC_e7434/fast"
/usr/bin/make -f CMakeFiles/cmTC_e7434.dir/build.make CMakeFiles/cmTC_e7434.dir/build
make[1] : on entre dans le répertoire « /home/doctorant/Code/Lanny/build/CMakeFiles/CMakeTmp »
Building C object CMakeFiles/cmTC_e7434.dir/CheckSymbolExists.c.o
/usr/bin/gcc     -o CMakeFiles/cmTC_e7434.dir/CheckSymbolExists.c.o   -c /home/doctorant/Code/Lanny/build/CMakeFiles/CMakeTmp/CheckSymbolExists.c
Linking C executable cmTC_e7434
/usr/bin/cmake -E cmake_link_script CMakeFiles/cmTC_e7434.dir/link.txt --verbose=1
/usr/bin/gcc       CMakeFiles/cmTC_e7434.dir/CheckSymbolExists.c.o  -o cmTC_e7434 
CMakeFiles/cmTC_e7434.dir/CheckSymbolExists.c.o : Dans la fonction « main » :
CheckSymbolExists.c:(.text+0x16) : référence indéfinie vers « pthread_create »
collect2: error: ld returned 1 exit status
CMakeFiles/cmTC_e7434.dir/build.make:97 : la recette pour la cible « cmTC_e7434 » a échouée
make[1]: *** [cmTC_e7434] Erreur 1
make[1] : on quitte le répertoire « /home/doctorant/Code/Lanny/build/CMakeFiles/CMakeTmp »
Makefile:126 : la recette pour la cible « cmTC_e7434/fast » a échouée
make: *** [cmTC_e7434/fast] Erreur 2

File /home/doctorant/Code/Lanny/build/CMakeFiles/CMakeTmp/CheckSymbolExists.c:
/* */
#include <pthread.h>

int main(int argc, char** argv)
{
  (void)argv;
#ifndef pthread_create
  return ((int*)(&pthread_create))[argc];
#else
  (void)argc;
  return 0;
#endif
}

Determining if the function pthread_create exists in the pthreads failed with the following output:
Change Dir: /home/doctorant/Code/Lanny/build/CMakeFiles/CMakeTmp

Run Build Command:"/usr/bin/make" "cmTC_5740f/fast"
/usr/bin/make -f CMakeFiles/cmTC_5740f.dir/build.make CMakeFiles/cmTC_5740f.dir/build
make[1] : on entre dans le répertoire « /home/doctorant/Code/Lanny/build/CMakeFiles/CMakeTmp »
Building C object CMakeFiles/cmTC_5740f.dir/CheckFunctionExists.c.o
/usr/bin/gcc    -DCHECK_FUNCTION_EXISTS=pthread_create   -o CMakeFiles/cmTC_5740f.dir/CheckFunctionExists.c.o   -c /usr/share/cmake-3.5/Modules/CheckFunctionExists.c
Linking C executable cmTC_5740f
/usr/bin/cmake -E cmake_link_script CMakeFiles/cmTC_5740f.dir/link.txt --verbose=1
/usr/bin/gcc   -DCHECK_FUNCTION_EXISTS=pthread_create    CMakeFiles/cmTC_5740f.dir/CheckFunctionExists.c.o  -o cmTC_5740f -lpthreads 
/usr/bin/ld : ne peut trouver -lpthreads
collect2: error: ld returned 1 exit status
CMakeFiles/cmTC_5740f.dir/build.make:97 : la recette pour la cible « cmTC_5740f » a échouée
make[1]: *** [cmTC_5740f] Erreur 1
make[1] : on quitte le répertoire « /home/doctorant/Code/Lanny/build/CMakeFiles/CMakeTmp »
Makefile:126 : la recette pour la cible « cmTC_5740f/fast » a échouée
make: *** [cmTC_5740f/fast] Erreur 2


